{"numFailedTestSuites":0,"numFailedTests":0,"numPassedTestSuites":6,"numPassedTests":59,"numPendingTestSuites":0,"numPendingTests":0,"numRuntimeErrorTestSuites":0,"numTodoTests":0,"numTotalTestSuites":6,"numTotalTests":59,"openHandles":[],"snapshot":{"added":0,"didUpdate":false,"failure":false,"filesAdded":0,"filesRemoved":0,"filesRemovedList":[],"filesUnmatched":0,"filesUpdated":0,"matched":0,"total":0,"unchecked":0,"uncheckedKeysByFile":[],"unmatched":0,"updated":0},"startTime":1788014690089,"success":true,"testResults":[{"assertionResults":[{"ancestorTitles":["故障注入測試 — DB 連線在 commit 階段中斷"],"duration":65,"failing":false,"failureDetails":[],"failureMessages":[],"fullName":"故障注入測試 — DB 連線在 commit 階段中斷 commitTransaction 失敗時，應該呼叫 rollbackTransaction 並回傳失敗，而不是讓例外往外爆","invocations":1,"location":null,"numPassingAsserts":3,"retryReasons":[],"startAt":1788014692719,"status":"passed","title":"commitTransaction 失敗時，應該呼叫 rollbackTransaction 並回傳失敗，而不是讓例外往外爆"},{"ancestorTitles":["故障注入測試 — 鏈上呼叫逾時/失敗"],"duration":2,"failing":false,"failureDetails":[],"failureMessages":[],"fullName":"故障注入測試 — 鏈上呼叫逾時/失敗 executeOnChainBuy 拋錯時，DB 仍應完成交易並標記為 CHAIN_FAILED，而不是整筆請求失敗","invocations":1,"location":null,"numPassingAsserts":3,"retryReasons":[],"startAt":1788014692785,"status":"passed","title":"executeOnChainBuy 拋錯時，DB 仍應完成交易並標記為 CHAIN_FAILED，而不是整筆請求失敗"}],"endTime":1788014692788,"message":"","name":"C:\\重要\\412630567-RWA-DEMO\\RWA_Project-main\\rwa-backend\\src\\transactions\\fault-injection.spec.ts","startTime":1788014690919,"status":"passed","summary":""},{"assertionResults":[{"ancestorTitles":["TransactionsService — 負向測試"],"duration":41,"failing":false,"failureDetails":[],"failureMessages":[],"fullName":"TransactionsService — 負向測試 系統暫停時下單應被拒絕 (403)","invocations":1,"location":null,"numPassingAsserts":1,"retryReasons":[],"startAt":1788014692709,"status":"passed","title":"系統暫停時下單應被拒絕 (403)"},{"ancestorTitles":["TransactionsService — 負向測試"],"duration":4,"failing":false,"failureDetails":[],"failureMessages":[],"fullName":"TransactionsService — 負向測試 未通過 KYC (is_whitelisted=false) 的使用者下單應被拒絕","invocations":1,"location":null,"numPassingAsserts":1,"retryReasons":[],"startAt":1788014692751,"status":"passed","title":"未通過 KYC (is_whitelisted=false) 的使用者下單應被拒絕"},{"ancestorTitles":["TransactionsService — 負向測試"],"duration":2,"failing":false,"failureDetails":[],"failureMessages":[],"fullName":"TransactionsService — 負向測試 數量為 0 應回傳 400 錯誤","invocations":1,"location":null,"numPassingAsserts":1,"retryReasons":[],"startAt":1788014692755,"status":"passed","title":"數量為 0 應回傳 400 錯誤"},{"ancestorTitles":["TransactionsService — 負向測試"],"duration":2,"failing":false,"failureDetails":[],"failureMessages":[],"fullName":"TransactionsService — 負向測試 數量為負數 應回傳 400 錯誤","invocations":1,"location":null,"numPassingAsserts":1,"retryReasons":[],"startAt":1788014692758,"status":"passed","title":"數量為負數 應回傳 400 錯誤"},{"ancestorTitles":["TransactionsService — 負向測試"],"duration":4,"failing":false,"failureDetails":[],"failureMessages":[],"fullName":"TransactionsService — 負向測試 價格為 0 應回傳 400 錯誤","invocations":1,"location":null,"numPassingAsserts":1,"retryReasons":[],"startAt":1788014692760,"status":"passed","title":"價格為 0 應回傳 400 錯誤"},{"ancestorTitles":["TransactionsService — 負向測試"],"duration":2,"failing":false,"failureDetails":[],"failureMessages":[],"fullName":"TransactionsService — 負向測試 價格為負數 應回傳 400 錯誤","invocations":1,"location":null,"numPassingAsserts":1,"retryReasons":[],"startAt":1788014692764,"status":"passed","title":"價格為負數 應回傳 400 錯誤"},{"ancestorTitles":["TransactionsService — 負向測試"],"duration":1,"failing":false,"failureDetails":[],"failureMessages":[],"fullName":"TransactionsService — 負向測試 賣出數量超過實際持倉時應被拒絕","invocations":1,"location":null,"numPassingAsserts":2,"retryReasons":[],"startAt":1788014692766,"status":"passed","title":"賣出數量超過實際持倉時應被拒絕"},{"ancestorTitles":["TransactionsService — 負向測試"],"duration":3,"failing":false,"failureDetails":[],"failureMessages":[],"fullName":"TransactionsService — 負向測試 AMM 池子被抽乾時（流通量 = 總發行量）應拒絕買入","invocations":1,"location":null,"numPassingAsserts":2,"retryReasons":[],"startAt":1788014692767,"status":"passed","title":"AMM 池子被抽乾時（流通量 = 總發行量）應拒絕買入"},{"ancestorTitles":["TransactionsService — 負向測試"],"duration":2,"failing":false,"failureDetails":[],"failureMessages":[],"fullName":"TransactionsService — 負向測試 限價買單若 AMM 滑價超過使用者限價應被拒絕","invocations":1,"location":null,"numPassingAsserts":2,"retryReasons":[],"startAt":1788014692770,"status":"passed","title":"限價買單若 AMM 滑價超過使用者限價應被拒絕"},{"ancestorTitles":["TransactionsService — 單元測試：AMM 定價公式 (k = x*y)"],"duration":11,"failing":false,"failureDetails":[],"failureMessages":[],"fullName":"TransactionsService — 單元測試：AMM 定價公式 (k = x*y) 買入 100 枚時，服務算出的成交均價應該精確符合 k=x*y 公式（而不是約等於現貨價）","invocations":1,"location":null,"numPassingAsserts":5,"retryReasons":[],"startAt":1788014692772,"status":"passed","title":"買入 100 枚時，服務算出的成交均價應該精確符合 k=x*y 公式（而不是約等於現貨價）"},{"ancestorTitles":["TransactionsService — 單元測試：AMM 定價公式 (k = x*y)"],"duration":2,"failing":false,"failureDetails":[],"failureMessages":[],"fullName":"TransactionsService — 單元測試：AMM 定價公式 (k = x*y) 買入量越大，均價應該越高（滑價方向正確）","invocations":1,"location":null,"numPassingAsserts":2,"retryReasons":[],"startAt":1788014692783,"status":"passed","title":"買入量越大，均價應該越高（滑價方向正確）"},{"ancestorTitles":["TransactionsService — 併發測試"],"duration":15,"failing":false,"failureDetails":[],"failureMessages":[],"fullName":"TransactionsService — 併發測試 🔴 已知風險：相同 idempotency_key 併發送出兩筆市價單，目前的檢查（先 findOne 再寫入）存在 TOCTOU 競態條件，可能兩筆都成交","invocations":1,"location":null,"numPassingAsserts":1,"retryReasons":[],"startAt":1788014692786,"status":"passed","title":"🔴 已知風險：相同 idempotency_key 併發送出兩筆市價單，目前的檢查（先 findOne 再寫入）存在 TOCTOU 競態條件，可能兩筆都成交"},{"ancestorTitles":["TransactionsService — 併發測試"],"duration":3,"failing":false,"failureDetails":[],"failureMessages":[],"fullName":"TransactionsService — 併發測試 不同 idempotency_key 的併發請求應該都能各自正常成交","invocations":1,"location":null,"numPassingAsserts":3,"retryReasons":[],"startAt":1788014692801,"status":"passed","title":"不同 idempotency_key 的併發請求應該都能各自正常成交"},{"ancestorTitles":["TransactionsService — 併發測試：AMM 定價的鎖定策略"],"duration":2,"failing":false,"failureDetails":[],"failureMessages":[],"fullName":"TransactionsService — 併發測試：AMM 定價的鎖定策略 讀取建案資料時應帶入 pessimistic_write 排他鎖，使同一建案的交易序列化","invocations":1,"location":null,"numPassingAsserts":2,"retryReasons":[],"startAt":1788014692804,"status":"passed","title":"讀取建案資料時應帶入 pessimistic_write 排他鎖，使同一建案的交易序列化"},{"ancestorTitles":["TransactionsService — 併發測試：AMM 定價的鎖定策略"],"duration":2,"failing":false,"failureDetails":[],"failureMessages":[],"fullName":"TransactionsService — 併發測試：AMM 定價的鎖定策略 資料庫以 UNIQUE 約束擋下重複的 idempotency_key 時，應轉為明確的重複交易訊息而非 500","invocations":1,"location":null,"numPassingAsserts":1,"retryReasons":[],"startAt":1788014692806,"status":"passed","title":"資料庫以 UNIQUE 約束擋下重複的 idempotency_key 時，應轉為明確的重複交易訊息而非 500"},{"ancestorTitles":["TransactionsService — 併發測試：AMM 定價的鎖定策略"],"duration":4,"failing":false,"failureDetails":[],"failureMessages":[],"fullName":"TransactionsService — 併發測試：AMM 定價的鎖定策略 其他唯一約束的衝突不應被誤報成重複交易，訊息要指出實際違反的約束","invocations":1,"location":null,"numPassingAsserts":1,"retryReasons":[],"startAt":1788014692808,"status":"passed","title":"其他唯一約束的衝突不應被誤報成重複交易，訊息要指出實際違反的約束"},{"ancestorTitles":["TransactionsService — 併發測試：AMM 定價的鎖定策略"],"duration":1,"failing":false,"failureDetails":[],"failureMessages":[],"fullName":"TransactionsService — 併發測試：AMM 定價的鎖定策略 撮合引擎應以含滑價的成交均價判斷觸發，不可只看現貨價","invocations":1,"location":null,"numPassingAsserts":2,"retryReasons":[],"startAt":1788014692812,"status":"passed","title":"撮合引擎應以含滑價的成交均價判斷觸發，不可只看現貨價"},{"ancestorTitles":["TransactionsService — 併發測試：AMM 定價的鎖定策略"],"duration":1,"failing":false,"failureDetails":[],"failureMessages":[],"fullName":"TransactionsService — 併發測試：AMM 定價的鎖定策略 限價單結算時若沒有鏈上雜湊，tx_hash 應維持未設定而非空字串","invocations":1,"location":null,"numPassingAsserts":2,"retryReasons":[],"startAt":1788014692814,"status":"passed","title":"限價單結算時若沒有鏈上雜湊，tx_hash 應維持未設定而非空字串"},{"ancestorTitles":["TransactionsService — 併發測試：AMM 定價的鎖定策略"],"duration":1,"failing":false,"failureDetails":[],"failureMessages":[],"fullName":"TransactionsService — 併發測試：AMM 定價的鎖定策略 鎖應在資料庫交易開啟之後才取得，否則鎖不會生效","invocations":1,"location":null,"numPassingAsserts":2,"retryReasons":[],"startAt":1788014692815,"status":"passed","title":"鎖應在資料庫交易開啟之後才取得，否則鎖不會生效"},{"ancestorTitles":["TransactionsService — 併發測試：AMM 定價的鎖定策略","方案 A：現金餘額防呆與資產保護測試"],"duration":0,"failing":false,"failureDetails":[],"failureMessages":[],"fullName":"TransactionsService — 併發測試：AMM 定價的鎖定策略 方案 A：現金餘額防呆與資產保護測試 當買方現金餘額不足時（例如只有 500 TWD，買入需 1800 TWD），應拋出 BadRequestException 並阻斷交易","invocations":1,"location":null,"numPassingAsserts":1,"retryReasons":[],"startAt":1788014692817,"status":"passed","title":"當買方現金餘額不足時（例如只有 500 TWD，買入需 1800 TWD），應拋出 BadRequestException 並阻斷交易"},{"ancestorTitles":["TransactionsService — 併發測試：AMM 定價的鎖定策略","方案 A：現金餘額防呆與資產保護測試"],"duration":1,"failing":false,"failureDetails":[],"failureMessages":[],"fullName":"TransactionsService — 併發測試：AMM 定價的鎖定策略 方案 A：現金餘額防呆與資產保護測試 當買方現金充足時，應正常放行並成交","invocations":1,"location":null,"numPassingAsserts":1,"retryReasons":[],"startAt":1788014692817,"status":"passed","title":"當買方現金充足時，應正常放行並成交"},{"ancestorTitles":["TransactionsService — 併發測試：AMM 定價的鎖定策略","方案 A：現金餘額防呆與資產保護測試"],"duration":1,"failing":false,"failureDetails":[],"failureMessages":[],"fullName":"TransactionsService — 併發測試：AMM 定價的鎖定策略 方案 A：現金餘額防呆與資產保護測試 限價買單在現金不足時也應立即被擋下，不可加入掛單簿","invocations":1,"location":null,"numPassingAsserts":1,"retryReasons":[],"startAt":1788014692818,"status":"passed","title":"限價買單在現金不足時也應立即被擋下，不可加入掛單簿"},{"ancestorTitles":["TransactionsService — 併發測試：AMM 定價的鎖定策略","P1 (撮合引擎深度邏輯測試)"],"duration":0,"failing":false,"failureDetails":[],"failureMessages":[],"fullName":"TransactionsService — 併發測試：AMM 定價的鎖定策略 P1 (撮合引擎深度邏輯測試) P1-①: 當賣方 Taker 自己無持倉時，應停止撮合，不得取消對手盤合法買單","invocations":1,"location":null,"numPassingAsserts":2,"retryReasons":[],"startAt":1788014692819,"status":"passed","title":"P1-①: 當賣方 Taker 自己無持倉時，應停止撮合，不得取消對手盤合法買單"},{"ancestorTitles":["TransactionsService — 併發測試：AMM 定價的鎖定策略","P1 (撮合引擎深度邏輯測試)"],"duration":0,"failing":false,"failureDetails":[],"failureMessages":[],"fullName":"TransactionsService — 併發測試：AMM 定價的鎖定策略 P1 (撮合引擎深度邏輯測試) P1-③: 相同的 idempotency_key 在重試時應直接回傳既有交易，不重複執行撮合","invocations":1,"location":null,"numPassingAsserts":1,"retryReasons":[],"startAt":1788014692820,"status":"passed","title":"P1-③: 相同的 idempotency_key 在重試時應直接回傳既有交易，不重複執行撮合"}],"endTime":1788014692822,"message":"","name":"C:\\重要\\412630567-RWA-DEMO\\RWA_Project-main\\rwa-backend\\src\\transactions\\transactions.service.spec.ts","startTime":1788014690914,"status":"passed","summary":""},{"assertionResults":[{"ancestorTitles":["PropertiesService.getKLineData — 單元測試：台北時區歸類"],"duration":6,"failing":false,"failureDetails":[],"failureMessages":[],"fullName":"PropertiesService.getKLineData — 單元測試：台北時區歸類 UTC 16:30（台北時間隔天 00:30）應該被歸類到「隔天」的 K 棒，而不是當天","invocations":1,"location":null,"numPassingAsserts":2,"retryReasons":[],"startAt":1788014692871,"status":"passed","title":"UTC 16:30（台北時間隔天 00:30）應該被歸類到「隔天」的 K 棒，而不是當天"},{"ancestorTitles":["PropertiesService.getKLineData — 單元測試：台北時區歸類"],"duration":1,"failing":false,"failureDetails":[],"failureMessages":[],"fullName":"PropertiesService.getKLineData — 單元測試：台北時區歸類 UTC 23:59（台北時間 07:59，同一個台北日）不應該被推到隔天","invocations":1,"location":null,"numPassingAsserts":1,"retryReasons":[],"startAt":1788014692877,"status":"passed","title":"UTC 23:59（台北時間 07:59，同一個台北日）不應該被推到隔天"},{"ancestorTitles":["PropertiesService.getKLineData — 單元測試：台北時區歸類"],"duration":2,"failing":false,"failureDetails":[],"failureMessages":[],"fullName":"PropertiesService.getKLineData — 單元測試：台北時區歸類 同一個台北日的多筆交易應合併成一根 K 棒，並正確計算 open/high/low/close/volume","invocations":1,"location":null,"numPassingAsserts":6,"retryReasons":[],"startAt":1788014692879,"status":"passed","title":"同一個台北日的多筆交易應合併成一根 K 棒，並正確計算 open/high/low/close/volume"},{"ancestorTitles":["PropertiesService.getKLineData — 單元測試：台北時區歸類"],"duration":2,"failing":false,"failureDetails":[],"failureMessages":[],"fullName":"PropertiesService.getKLineData — 單元測試：台北時區歸類 沒有任何交易紀錄時應回傳空陣列，而不是報錯","invocations":1,"location":null,"numPassingAsserts":1,"retryReasons":[],"startAt":1788014692881,"status":"passed","title":"沒有任何交易紀錄時應回傳空陣列，而不是報錯"},{"ancestorTitles":["PropertiesService.getKLineData — 合約測試：回傳格式"],"duration":1,"failing":false,"failureDetails":[],"failureMessages":[],"fullName":"PropertiesService.getKLineData — 合約測試：回傳格式 每個元素都必須包含 time/open/high/low/close/volume 六個欄位，型別正確","invocations":1,"location":null,"numPassingAsserts":1,"retryReasons":[],"startAt":1788014692884,"status":"passed","title":"每個元素都必須包含 time/open/high/low/close/volume 六個欄位，型別正確"},{"ancestorTitles":["PropertiesService.getKLineData — 查詢範圍"],"duration":1,"failing":false,"failureDetails":[],"failureMessages":[],"fullName":"PropertiesService.getKLineData — 查詢範圍 appTxRepo.find 呼叫時應帶入 take: 3000，避免無上限查詢全部歷史","invocations":1,"location":null,"numPassingAsserts":1,"retryReasons":[],"startAt":1788014692886,"status":"passed","title":"appTxRepo.find 呼叫時應帶入 take: 3000，避免無上限查詢全部歷史"},{"ancestorTitles":["PropertiesService.getKLineData — 查詢範圍"],"duration":1,"failing":false,"failureDetails":[],"failureMessages":[],"fullName":"PropertiesService.getKLineData — 查詢範圍 時間下限應與造市資料的 31 天歷史對齊，使視窗內每一天都有資料、真實交易不會落單","invocations":1,"location":null,"numPassingAsserts":3,"retryReasons":[],"startAt":1788014692887,"status":"passed","title":"時間下限應與造市資料的 31 天歷史對齊，使視窗內每一天都有資料、真實交易不會落單"}],"endTime":1788014692889,"message":"","name":"C:\\重要\\412630567-RWA-DEMO\\RWA_Project-main\\rwa-backend\\src\\properties\\properties.service.spec.ts","startTime":1788014690943,"status":"passed","summary":""},{"assertionResults":[{"ancestorTitles":["故障注入測試 — 必要環境變數缺失時應 fail-fast"],"duration":1406,"failing":false,"failureDetails":[],"failureMessages":[],"fullName":"故障注入測試 — 必要環境變數缺失時應 fail-fast 缺少 SUPABASE_SERVICE_KEY 時，AuthService 應該在建構時直接拋錯，而不是等到呼叫 API 才炸","invocations":1,"location":null,"numPassingAsserts":1,"retryReasons":[],"startAt":1788014691438,"status":"passed","title":"缺少 SUPABASE_SERVICE_KEY 時，AuthService 應該在建構時直接拋錯，而不是等到呼叫 API 才炸"},{"ancestorTitles":["故障注入測試 — 必要環境變數缺失時應 fail-fast"],"duration":252,"failing":false,"failureDetails":[],"failureMessages":[],"fullName":"故障注入測試 — 必要環境變數缺失時應 fail-fast 缺少 IMAGE_ENCRYPTION_KEY 時，整個 auth module 在載入當下就應該拋錯","invocations":1,"location":null,"numPassingAsserts":1,"retryReasons":[],"startAt":1788014692844,"status":"passed","title":"缺少 IMAGE_ENCRYPTION_KEY 時，整個 auth module 在載入當下就應該拋錯"}],"endTime":1788014693097,"message":"","name":"C:\\重要\\412630567-RWA-DEMO\\RWA_Project-main\\rwa-backend\\src\\auth\\fault-injection.spec.ts","startTime":1788014690903,"status":"passed","summary":""},{"assertionResults":[{"ancestorTitles":["故障注入 — 情境一：服務重啟後的 pending 交易狀態"],"duration":59,"failing":false,"failureDetails":[],"failureMessages":[],"fullName":"故障注入 — 情境一：服務重啟後的 pending 交易狀態 寫入途中程序被砍（commit 失敗）時，不得留下半完成狀態：必須 rollback 並釋放連線","invocations":1,"location":null,"numPassingAsserts":3,"retryReasons":[],"startAt":1788014692750,"status":"passed","title":"寫入途中程序被砍（commit 失敗）時，不得留下半完成狀態：必須 rollback 並釋放連線"},{"ancestorTitles":["故障注入 — 情境一：服務重啟後的 pending 交易狀態"],"duration":4,"failing":false,"failureDetails":[],"failureMessages":[],"fullName":"故障注入 — 情境一：服務重啟後的 pending 交易狀態 🔴 已知風險：鏈上轉帳成功但 DB commit 失敗時，重啟後重新結算會再次執行鏈上轉帳","invocations":1,"location":null,"numPassingAsserts":3,"retryReasons":[],"startAt":1788014692809,"status":"passed","title":"🔴 已知風險：鏈上轉帳成功但 DB commit 失敗時，重啟後重新結算會再次執行鏈上轉帳"},{"ancestorTitles":["故障注入 — 情境二：重複事件（本系統無事件監聽器，測等價風險：對帳重複執行）"],"duration":41,"failing":false,"failureDetails":[],"failureMessages":[],"fullName":"故障注入 — 情境二：重複事件（本系統無事件監聽器，測等價風險：對帳重複執行） 對帳以 queryFilter 全量重建而非事件訂閱 —— 連續執行兩次不得重複累計不一致","invocations":1,"location":null,"numPassingAsserts":3,"retryReasons":[],"startAt":1788014692813,"status":"passed","title":"對帳以 queryFilter 全量重建而非事件訂閱 —— 連續執行兩次不得重複累計不一致"},{"ancestorTitles":["故障注入 — 情境二：重複事件（本系統無事件監聽器，測等價風險：對帳重複執行）"],"duration":3,"failing":false,"failureDetails":[],"failureMessages":[],"fullName":"故障注入 — 情境二：重複事件（本系統無事件監聽器，測等價風險：對帳重複執行） 同一筆 Transfer 事件已有對應交易紀錄時，不得再被判定為未追蹤轉帳（避免重複補建）","invocations":1,"location":null,"numPassingAsserts":1,"retryReasons":[],"startAt":1788014692854,"status":"passed","title":"同一筆 Transfer 事件已有對應交易紀錄時，不得再被判定為未追蹤轉帳（避免重複補建）"},{"ancestorTitles":["故障注入 — 情境三：Nonce 衝突"],"duration":3,"failing":false,"failureDetails":[],"failureMessages":[],"fullName":"故障注入 — 情境三：Nonce 衝突 鏈上轉帳遇到 nonce 衝突時，錯誤應如實往外拋，不得被吞掉造成成功假象","invocations":1,"location":null,"numPassingAsserts":1,"retryReasons":[],"startAt":1788014692858,"status":"passed","title":"鏈上轉帳遇到 nonce 衝突時，錯誤應如實往外拋，不得被吞掉造成成功假象"},{"ancestorTitles":["故障注入 — 情境三：Nonce 衝突"],"duration":3,"failing":false,"failureDetails":[],"failureMessages":[],"fullName":"故障注入 — 情境三：Nonce 衝突 nonce 脫節時應清除 NonceManager 快取，讓下一筆重新向節點取號","invocations":1,"location":null,"numPassingAsserts":2,"retryReasons":[],"startAt":1788014692861,"status":"passed","title":"nonce 脫節時應清除 NonceManager 快取，讓下一筆重新向節點取號"},{"ancestorTitles":["故障注入 — 情境三：Nonce 衝突"],"duration":3,"failing":false,"failureDetails":[],"failureMessages":[],"fullName":"故障注入 — 情境三：Nonce 衝突 非 nonce 類的鏈上失敗不得觸發 reset —— 貿然重設在有交易在途時會造成重號","invocations":1,"location":null,"numPassingAsserts":2,"retryReasons":[],"startAt":1788014692864,"status":"passed","title":"非 nonce 類的鏈上失敗不得觸發 reset —— 貿然重設在有交易在途時會造成重號"},{"ancestorTitles":["故障注入 — 情境三：Nonce 衝突"],"duration":1,"failing":false,"failureDetails":[],"failureMessages":[],"fullName":"故障注入 — 情境三：Nonce 衝突 nonce 衝突不得污染資料庫：該筆應標記為 CHAIN_FAILED，且不得寫入假的 tx_hash","invocations":1,"location":null,"numPassingAsserts":3,"retryReasons":[],"startAt":1788014692867,"status":"passed","title":"nonce 衝突不得污染資料庫：該筆應標記為 CHAIN_FAILED，且不得寫入假的 tx_hash"},{"ancestorTitles":["故障注入 — 情境四：區塊重組（本系統無 reorg 專門處理，測等價風險：對帳能否偵測）"],"duration":2,"failing":false,"failureDetails":[],"failureMessages":[],"fullName":"故障注入 — 情境四：區塊重組（本系統無 reorg 專門處理，測等價風險：對帳能否偵測） 已入帳的轉帳在鏈上被 reorg 掉（Transfer 事件消失）時，對帳必須偵測為餘額不一致","invocations":1,"location":null,"numPassingAsserts":3,"retryReasons":[],"startAt":1788014692868,"status":"passed","title":"已入帳的轉帳在鏈上被 reorg 掉（Transfer 事件消失）時，對帳必須偵測為餘額不一致"},{"ancestorTitles":["故障注入 — 情境四：區塊重組（本系統無 reorg 專門處理，測等價風險：對帳能否偵測）"],"duration":2,"failing":false,"failureDetails":[],"failureMessages":[],"fullName":"故障注入 — 情境四：區塊重組（本系統無 reorg 專門處理，測等價風險：對帳能否偵測） 對帳偵測到不一致時應寫入 system_alerts，讓技術端稽核台看得到而非靜默","invocations":1,"location":null,"numPassingAsserts":1,"retryReasons":[],"startAt":1788014692871,"status":"passed","title":"對帳偵測到不一致時應寫入 system_alerts，讓技術端稽核台看得到而非靜默"},{"ancestorTitles":["故障注入 — 情境五：成交通知寄送失敗"],"duration":1,"failing":false,"failureDetails":[],"failureMessages":[],"fullName":"故障注入 — 情境五：成交通知寄送失敗 通知寫入失敗不得影響交易結果：交易須照常 commit，通知失敗只記錄告警","invocations":1,"location":null,"numPassingAsserts":5,"retryReasons":[],"startAt":1788014692873,"status":"passed","title":"通知寫入失敗不得影響交易結果：交易須照常 commit，通知失敗只記錄告警"},{"ancestorTitles":["故障注入 — 情境五：成交通知寄送失敗"],"duration":1,"failing":false,"failureDetails":[],"failureMessages":[],"fullName":"故障注入 — 情境五：成交通知寄送失敗 通知必須在 commit 之後才寫入，且不得再使用交易的 queryRunner","invocations":1,"location":null,"numPassingAsserts":2,"retryReasons":[],"startAt":1788014692875,"status":"passed","title":"通知必須在 commit 之後才寫入，且不得再使用交易的 queryRunner"}],"endTime":1788014693979,"message":"","name":"C:\\重要\\412630567-RWA-DEMO\\RWA_Project-main\\rwa-backend\\src\\blockchain\\fault-injection-integrity.spec.ts","startTime":1788014690921,"status":"passed","summary":""},{"assertionResults":[{"ancestorTitles":["BlockchainService — 故障注入：區塊鏈節點無法連線"],"duration":79,"failing":false,"failureDetails":[],"failureMessages":[],"fullName":"BlockchainService — 故障注入：區塊鏈節點無法連線 RPC 位址連不上時，初始化不應拋出例外讓整個服務起不來","invocations":1,"location":null,"numPassingAsserts":1,"retryReasons":[],"startAt":1788014692731,"status":"passed","title":"RPC 位址連不上時，初始化不應拋出例外讓整個服務起不來"},{"ancestorTitles":["BlockchainService — 故障注入：區塊鏈節點無法連線"],"duration":28,"failing":false,"failureDetails":[],"failureMessages":[],"fullName":"BlockchainService — 故障注入：區塊鏈節點無法連線 isNodeReachable() 面對連不上的節點應回傳 false，而不是拋例外","invocations":1,"location":null,"numPassingAsserts":1,"retryReasons":[],"startAt":1788014692810,"status":"passed","title":"isNodeReachable() 面對連不上的節點應回傳 false，而不是拋例外"},{"ancestorTitles":["BlockchainService — 故障注入：區塊鏈節點無法連線"],"duration":14,"failing":false,"failureDetails":[],"failureMessages":[],"fullName":"BlockchainService — 故障注入：區塊鏈節點無法連線 getStatus() 應照常回應並標示節點不可達，不因節點故障而讓 API 掛掉","invocations":1,"location":null,"numPassingAsserts":3,"retryReasons":[],"startAt":1788014692838,"status":"passed","title":"getStatus() 應照常回應並標示節點不可達，不因節點故障而讓 API 掛掉"},{"ancestorTitles":["BlockchainService — 故障注入：區塊鏈節點無法連線"],"duration":45,"failing":false,"failureDetails":[],"failureMessages":[],"fullName":"BlockchainService — 故障注入：區塊鏈節點無法連線 setupBlockchain() 應以明確訊息拒絕，而不是靜默失敗或卡住","invocations":1,"location":null,"numPassingAsserts":1,"retryReasons":[],"startAt":1788014692852,"status":"passed","title":"setupBlockchain() 應以明確訊息拒絕，而不是靜默失敗或卡住"},{"ancestorTitles":["BlockchainService — 故障注入：區塊鏈節點無法連線"],"duration":15,"failing":false,"failureDetails":[],"failureMessages":[],"fullName":"BlockchainService — 故障注入：區塊鏈節點無法連線 節點故障應寫入 system_alerts 供技術端稽核台顯示","invocations":1,"location":null,"numPassingAsserts":1,"retryReasons":[],"startAt":1788014692897,"status":"passed","title":"節點故障應寫入 system_alerts 供技術端稽核台顯示"},{"ancestorTitles":["BlockchainService — 故障注入：區塊鏈節點無法連線"],"duration":15,"failing":false,"failureDetails":[],"failureMessages":[],"fullName":"BlockchainService — 故障注入：區塊鏈節點無法連線 reconcile() 在節點不可達時應拒絕執行，避免以殘缺的鏈上資料誤判持倉","invocations":1,"location":null,"numPassingAsserts":1,"retryReasons":[],"startAt":1788014692912,"status":"passed","title":"reconcile() 在節點不可達時應拒絕執行，避免以殘缺的鏈上資料誤判持倉"},{"ancestorTitles":["BlockchainService — 故障注入：節點失憶的自動重建判斷"],"duration":13,"failing":false,"failureDetails":[],"failureMessages":[],"fullName":"BlockchainService — 故障注入：節點失憶的自動重建判斷 節點不可達時排程應直接跳過，不得觸發重建","invocations":1,"location":null,"numPassingAsserts":2,"retryReasons":[],"startAt":1788014692927,"status":"passed","title":"節點不可達時排程應直接跳過，不得觸發重建"},{"ancestorTitles":["BlockchainService — 故障注入：節點失憶的自動重建判斷"],"duration":2,"failing":false,"failureDetails":[],"failureMessages":[],"fullName":"BlockchainService — 故障注入：節點失憶的自動重建判斷 🔒 getCode 因網路異常拋錯時不得重建 —— RPC 瞬斷不等於合約消失","invocations":1,"location":null,"numPassingAsserts":1,"retryReasons":[],"startAt":1788014692940,"status":"passed","title":"🔒 getCode 因網路異常拋錯時不得重建 —— RPC 瞬斷不等於合約消失"},{"ancestorTitles":["BlockchainService — 故障注入：節點失憶的自動重建判斷"],"duration":2,"failing":false,"failureDetails":[],"failureMessages":[],"fullName":"BlockchainService — 故障注入：節點失憶的自動重建判斷 getCode 確實回傳 0x（合約真的不存在）時才應觸發重建","invocations":1,"location":null,"numPassingAsserts":1,"retryReasons":[],"startAt":1788014692942,"status":"passed","title":"getCode 確實回傳 0x（合約真的不存在）時才應觸發重建"},{"ancestorTitles":["BlockchainService — 故障注入：節點失憶的自動重建判斷"],"duration":2,"failing":false,"failureDetails":[],"failureMessages":[],"fullName":"BlockchainService — 故障注入：節點失憶的自動重建判斷 前一次重建尚未結束時，下一次排程應被 isRecovering 擋下，且結束後要能再次執行","invocations":1,"location":null,"numPassingAsserts":3,"retryReasons":[],"startAt":1788014692944,"status":"passed","title":"前一次重建尚未結束時，下一次排程應被 isRecovering 擋下，且結束後要能再次執行"},{"ancestorTitles":["BlockchainService — 負向：正式環境缺少 ADMIN_KEY"],"duration":0,"failing":false,"failureDetails":[],"failureMessages":[],"fullName":"BlockchainService — 負向：正式環境缺少 ADMIN_KEY 正式環境未設定 ADMIN_KEY 時，應拒絕以公開的 Hardhat 測試私鑰啟動鏈上功能","invocations":1,"location":null,"numPassingAsserts":2,"retryReasons":[],"startAt":1788014692947,"status":"passed","title":"正式環境未設定 ADMIN_KEY 時，應拒絕以公開的 Hardhat 測試私鑰啟動鏈上功能"},{"ancestorTitles":["BlockchainService — 負向：正式環境缺少 ADMIN_KEY"],"duration":2,"failing":false,"failureDetails":[],"failureMessages":[],"fullName":"BlockchainService — 負向：正式環境缺少 ADMIN_KEY 開發環境未設定 ADMIN_KEY 時仍可使用 Hardhat 預設帳戶，不影響本機開發","invocations":1,"location":null,"numPassingAsserts":2,"retryReasons":[],"startAt":1788014692947,"status":"passed","title":"開發環境未設定 ADMIN_KEY 時仍可使用 Hardhat 預設帳戶，不影響本機開發"}],"endTime":1788014694051,"message":"","name":"C:\\重要\\412630567-RWA-DEMO\\RWA_Project-main\\rwa-backend\\src\\blockchain\\fault-injection.spec.ts","startTime":1788014690923,"status":"passed","summary":""}],"wasInterrupted":false}
